Script last run: 2024-09-06 21:31:33.429319


Размер датасета 2688
Количество позитивных примеров 1328
Количество негативных примеров 1360
----------------------------------------------------------
Статистика по длине Title во всем датасете
Средняя длина title в символах 91.49330357142857
Средняя длина title до слеша в символах 28.00186011904762
Средняя длина title после слеша в символах 59.49144345238095
---
Средняя длина title в словах 13.732514880952381
Средняя длина title до слеша в словах 4.348586309523809
Средняя длина title после слеша в словах 8.383928571428571
----------------------------------------------------------
Статистика по длине Title в положительном таргете
Средняя длина title в символах 88.67168674698796
Средняя длина title до слеша в символах 24.10542168674699
Средняя длина title после слеша в символах 60.566265060240966
---
Средняя длина title в словах 13.445030120481928
Средняя длина title до слеша в словах 3.878765060240964
Средняя длина title после слеша в словах 8.566265060240964
----------------------------------------------------------
Статистика по длине Title в негативном таргете
Средняя длина title в символах 94.24852941176471
Средняя длина title до слеша в символах 31.80661764705882
Средняя длина title после слеша в символах 58.441911764705885
---
Средняя длина title в словах 14.013235294117647
Средняя длина title до слеша в словах 4.807352941176471
Средняя длина title после слеша в словах 8.205882352941176
----------------------------------------------------------
----------------------------------------------------------
Статистика использования колчиества раз механизма:
Трансформация устойчивых сочетаний 377
Отсылка к прецедентным текстам 346
Полисемия 211
Словообразование 173
Трансформация фразеологизмов 173
Омофония 88
Оксюморон 35
Омонимия 26
----------------------------------------------------------
----------------------------------------------------------
Статистика использования колчиества раз механизма с учетом сочетаний:
Отсылка к прецедентным текстам- 334
Трансформация устойчивых сочетаний- 309
Полисемия- 205
Трансформация фразеологизмов- 163
Словообразование- 117
Омофония- 46
Трансформация устойчивых сочетаний-Словообразование 37
Оксюморон- 32
Трансформация устойчивых сочетаний-Омофония 25
Омонимия- 21
Словообразование-Омофония 8
Трансформация фразеологизмов-Омофония 6
Словообразование-Отсылка к прецедентным текстам 5
Трансформация фразеологизмов-Словообразование 4
Трансформация устойчивых сочетаний-Омонимия 2
Трансформация устойчивых сочетаний-Полисемия 2
Полисемия-Отсылка к прецедентным текстам 2
Отсылка к прецедентным текстам-Омофония 2
Трансформация устойчивых сочетаний-Оксюморон 1
Словообразование-Омонимия 1
Отсылка к прецедентным текстам-Оксюморон 1
Отсылка к прецедентным текстам-Омонимия 1
Словообразование-Полисемия 1
Омонимия-Оксюморон 1
Трансформация устойчивых сочетаний-Отсылка к прецедентным текстам 1
Полисемия-Омофония 1
----------------------------------------------------------
